23:31:51: Creating resource group General
23:31:51: Creating resource group Internal
23:31:51: Creating resource group Autodetect
23:31:51: SceneManagerFactory for type 'DefaultSceneManager' registered.
23:31:51: Registering ResourceManager for type Material
23:31:51: Registering ResourceManager for type Mesh
23:31:51: Registering ResourceManager for type Skeleton
23:31:51: MovableObjectFactory for type 'ParticleSystem' registered.
23:31:51: OverlayElementFactory for type Panel registered.
23:31:51: OverlayElementFactory for type BorderPanel registered.
23:31:51: OverlayElementFactory for type TextArea registered.
23:31:51: Registering ResourceManager for type Font
23:31:51: ArchiveFactory for archive type FileSystem registered.
23:31:51: ArchiveFactory for archive type Zip registered.
23:31:51: FreeImage version: 3.9.1
23:31:51: This program uses FreeImage, a free, open source image library supporting all common bitmap formats. See http://freeimage.sourceforge.net for details
23:31:51: Supported formats: bmp,ico,jpg,jif,jpeg,jpe,jng,koa,iff,lbm,mng,pbm,pbm,pcd,pcx,pgm,pgm,png,ppm,ppm,ras,tga,targa,tif,tiff,wap,wbmp,wbm,psd,cut,xbm,xpm,gif,hdr,g3,sgi
23:31:51: DDS codec registering
23:31:51: Registering ResourceManager for type HighLevelGpuProgram
23:31:51: Registering ResourceManager for type Compositor
23:31:51: MovableObjectFactory for type 'Entity' registered.
23:31:51: MovableObjectFactory for type 'Light' registered.
23:31:51: MovableObjectFactory for type 'BillboardSet' registered.
23:31:51: MovableObjectFactory for type 'ManualObject' registered.
23:31:51: MovableObjectFactory for type 'BillboardChain' registered.
23:31:51: MovableObjectFactory for type 'RibbonTrail' registered.
23:31:51: Loading library RenderSystem_GL
23:31:51: Installing plugin: GL RenderSystem
23:31:51: OpenGL Rendering Subsystem created.
23:31:51: Plugin successfully installed
23:31:51: Loading library Plugin_BSPSceneManager
23:31:51: Installing plugin: BSP Scene Manager
23:31:51: Plugin successfully installed
23:31:51: *-*-* OGRE Initialising
23:31:51: *-*-* Version 1.7.0dev-unstable (Cthugha)
23:31:51: OGRE EXCEPTION(6:FileNotFoundException): '/Users/noobs/mmorts/Source/Mac/build/Release/MFR.app/Contents/Resources/ogre.cfg' file not found! in ConfigFile::load at /Users/noobs/OgreSDK/Svnsource/OgreMain/src/OgreConfigFile.cpp (line 83)
23:31:53: Added resource location '/Users/noobs/mmorts/Source/Mac/build/Release/MFR.app/Contents/Resources/Media' of type 'FileSystem' to resource group 'General'
23:31:53: Parsing scripts for resource group Autodetect
23:31:53: Finished parsing scripts for resource group Autodetect
23:31:53: Parsing scripts for resource group General
23:31:53: Parsing script Ogre.material
23:31:53: Finished parsing scripts for resource group General
23:31:53: Parsing scripts for resource group Internal
23:31:53: Finished parsing scripts for resource group Internal
23:31:53: CPU Identifier & Features
23:31:53: -------------------------
23:31:53:  *   CPU ID: GenuineIntel: Intel(R) Core(TM)2 CPU         T7200  @ 2.00GHz
23:31:53:  *      SSE: yes
23:31:53:  *     SSE2: yes
23:31:53:  *     SSE3: yes
23:31:53:  *      MMX: yes
23:31:53:  *   MMXEXT: yes
23:31:53:  *    3DNOW: no
23:31:53:  * 3DNOWEXT: no
23:31:53:  *     CMOV: yes
23:31:53:  *      TSC: yes
23:31:53:  *      FPU: yes
23:31:53:  *      PRO: yes
23:31:53:  *       HT: no
23:31:53: -------------------------
23:31:53: ********************************************
***  Starting Mac OS X OpenGL Subsystem  ***
********************************************
23:31:53: GLRenderSystem::_createRenderWindow "Ogre 1", 800x600 windowed  miscParams: FSAA=0 title=Ogre 1 
23:31:53: Creating a Carbon Compatible Render System
23:31:53: GL_VERSION = 1.4 APPLE-1.6.6
23:31:53: GL_VENDOR = Intel Inc.
23:31:53: GL_RENDERER = Intel GMA 950 OpenGL Engine
23:31:53: GL_EXTENSIONS = GL_ARB_transpose_matrix GL_ARB_vertex_program GL_ARB_vertex_blend GL_ARB_window_pos GL_ARB_shader_objects GL_ARB_vertex_shader GL_ARB_shading_language_100 GL_EXT_multi_draw_arrays GL_EXT_clip_volume_hint GL_EXT_rescale_normal GL_EXT_draw_range_elements GL_EXT_fog_coord GL_EXT_gpu_program_parameters GL_EXT_geometry_shader4 GL_EXT_transform_feedback GL_APPLE_client_storage GL_APPLE_specular_vector GL_APPLE_transform_hint GL_APPLE_packed_pixels GL_APPLE_fence GL_APPLE_vertex_array_object GL_APPLE_vertex_program_evaluators GL_APPLE_element_array GL_APPLE_flush_render GL_APPLE_aux_depth_stencil GL_NV_texgen_reflection GL_NV_light_max_exponent GL_IBM_rasterpos_clip GL_SGIS_generate_mipmap GL_ARB_point_parameters GL_ARB_texture_env_crossbar GL_ARB_texture_border_clamp GL_ARB_multitexture GL_ARB_texture_env_add GL_ARB_texture_cube_map GL_ARB_texture_env_dot3 GL_ARB_texture_env_combine GL_ARB_texture_compression GL_ARB_texture_mirrored_repeat GL_ARB_shadow GL_ARB_depth_texture GL_ARB_fragment_program GL_ARB_fragment_program_shadow GL_ARB_fragment_shader GL_ARB_point_sprite GL_ARB_texture_non_power_of_two GL_ARB_vertex_buffer_object GL_ARB_pixel_buffer_object GL_EXT_framebuffer_object GL_EXT_texture_rectangle GL_ARB_texture_rectangle GL_EXT_texture_env_add GL_EXT_blend_color GL_EXT_blend_minmax GL_EXT_blend_subtract GL_EXT_texture_lod_bias GL_EXT_abgr GL_EXT_bgra GL_EXT_stencil_wrap GL_EXT_texture_filter_anisotropic GL_EXT_separate_specular_color GL_EXT_secondary_color GL_EXT_blend_func_separate GL_EXT_shadow_funcs GL_EXT_stencil_two_side GL_EXT_texture_compression_s3tc GL_EXT_texture_compression_dxt1 GL_EXT_texture_sRGB GL_EXT_blend_equation_separate GL_EXT_packed_depth_stencil GL_EXT_framebuffer_sRGB GL_APPLE_flush_buffer_range GL_APPLE_ycbcr_422 GL_APPLE_rgb_422 GL_APPLE_vertex_array_range GL_APPLE_texture_range GL_APPLE_pixel_buffer GL_APPLE_object_purgeable GL_NV_blend_square GL_ATI_texture_env_combine3 GL_ATI_separate_stencil GL_SGIS_texture_edge_clamp GL_SGIS_texture_lod 
23:31:53: ***************************
23:31:53: *** GL Renderer Started ***
23:31:53: ***************************
23:31:53: Registering ResourceManager for type GpuProgram
23:31:53: GLSL support detected
23:31:53: GL: Using framebuffer copy for rendering to textures (worst)
23:31:53: GL: Warning: RenderTexture size is restricted to size of framebuffer. If you are on Linux, consider using GLX instead of SDL.
23:31:53: RenderSystem capabilities
23:31:53: -------------------------
23:31:53: RenderSystem Name: OpenGL Rendering Subsystem
23:31:53: GPU Vendor: intel
23:31:53: Device Name: Intel GMA 950 OpenGL Engine
23:31:53: Driver Version: 1.4.0.0
23:31:53:  * Fixed function pipeline: yes
23:31:53:  * Hardware generation of mipmaps: no
23:31:53:  * Texture blending: yes
23:31:53:  * Anisotropic texture filtering: yes
23:31:53:  * Dot product texture operation: yes
23:31:53:  * Cube mapping: yes
23:31:53:  * Hardware stencil buffer: yes
23:31:53:    - Stencil depth: 8
23:31:53:    - Two sided stencil support: yes
23:31:53:    - Wrap stencil values: yes
23:31:53:  * Hardware vertex / index buffers: yes
23:31:53:  * Vertex programs: yes
23:31:53:  * Number of floating-point constants for vertex programs: 1024
23:31:53:  * Number of integer constants for vertex programs: 0
23:31:53:  * Number of boolean constants for vertex programs: 0
23:31:53:  * Fragment programs: yes
23:31:53:  * Number of floating-point constants for fragment programs: 1024
23:31:53:  * Number of integer constants for fragment programs: 0
23:31:53:  * Number of boolean constants for fragment programs: 0
23:31:53:  * Geometry programs: no
23:31:53:  * Number of floating-point constants for geometry programs: 0
23:31:53:  * Number of integer constants for geometry programs: 0
23:31:53:  * Number of boolean constants for geometry programs: 0
23:31:53:  * Supported Shader Profiles: arbfp1 arbvp1 glsl
23:31:53:  * Texture Compression: yes
23:31:53:    - DXT: yes
23:31:53:    - VTC: no
23:31:53:    - PVRTC: no
23:31:53:  * Scissor Rectangle: yes
23:31:53:  * Hardware Occlusion Query: no
23:31:53:  * User clip planes: yes
23:31:53:  * VET_UBYTE4 vertex element type: yes
23:31:53:  * Infinite far plane projection: yes
23:31:53:  * Hardware render-to-texture: yes
23:31:53:  * Floating point textures: no
23:31:53:  * Non-power-of-two textures: yes
23:31:53:  * Volume textures: yes
23:31:53:  * Multiple Render Targets: 1
23:31:53:    - With different bit depths: no
23:31:53:  * Point Sprites: yes
23:31:53:  * Extended point parameters: yes
23:31:53:  * Max Point Size: 64
23:31:53:  * Vertex texture fetch: yes
23:31:53:  * Number of world matrices: 0
23:31:53:  * Number of texture units: 16
23:31:53:  * Stencil buffer depth: 8
23:31:53:  * Number of vertex blend matrices: 0
23:31:53:    - Max vertex textures: 16
23:31:53:    - Vertex textures shared: yes
23:31:53:  * Render to Vertex Buffer : no
23:31:53:  * GL 1.5 without VBO workaround: no
23:31:53:  * Frame Buffer objects: no
23:31:53:  * Frame Buffer objects (ARB extension): no
23:31:53:  * Frame Buffer objects (ATI extension): no
23:31:53:  * PBuffer support: no
23:31:53:  * GL 1.5 without HW-occlusion workaround: no
23:31:53: Registering ResourceManager for type Texture
23:31:53: DefaultWorkQueue('Root') initialising on thread 0xb3d9f0.
23:31:53: DefaultWorkQueue('Root')::WorkerFunc - thread 0xc2fe90 starting.
23:31:53: DefaultWorkQueue('Root')::WorkerFunc - thread 0xc2ff70 starting.
23:31:53: Particle Renderer Type 'billboard' registered
23:31:53: SceneManagerFactory for type 'BspSceneManager' registered.
23:31:53: Registering ResourceManager for type BspLevel
23:31:53: Mesh: Loading ogrehead.mesh.
23:31:53: WARNING: ogrehead.mesh is an older format ([MeshSerializer_v1.40]); you should upgrade it as soon as possible using the OgreMeshUpgrade tool.
23:31:54: Texture: WeirdEye.png: Loading 1 faces(PF_R8G8B8,256x256x1) with 8 generated mipmaps from Image. Internal format is PF_X8R8G8B8,256x256x1.
23:31:54: Texture: GreenSkin.jpg: Loading 1 faces(PF_R8G8B8,256x256x1) with 8 generated mipmaps from Image. Internal format is PF_X8R8G8B8,256x256x1.
23:31:54: Texture: spheremap.png: Loading 1 faces(PF_R8G8B8,256x256x1) with 8 generated mipmaps from Image. Internal format is PF_X8R8G8B8,256x256x1.
23:31:54: Texture: dirt01.jpg: Loading 1 faces(PF_R8G8B8,96x96x1) with 6 generated mipmaps from Image. Internal format is PF_X8R8G8B8,96x96x1.
